2024-12-16 14:55:07,218 - INFO - 训练开始时间: 2024-12-16 14:55:07
2024-12-16 14:55:07,491 - INFO - 开始训练alarmForest模型...
2024-12-16 14:55:09,463 - INFO - 开始训练DESTree模型...
2024-12-16 14:55:09,611 - INFO - alarmForest模型评估结果:
2024-12-16 14:55:09,719 - INFO - 准确率: 0.9473
2024-12-16 14:55:09,724 - INFO - 分类报告:
              precision    recall  f1-score   support

           0       0.95      0.72      0.82      1655
           1       0.95      0.99      0.97      8345

    accuracy                           0.95     10000
   macro avg       0.95      0.86      0.89     10000
weighted avg       0.95      0.95      0.94     10000

2024-12-16 14:55:09,733 - INFO - DESTree模型评估结果:
2024-12-16 14:55:09,743 - INFO - 准确率: 0.9006
2024-12-16 14:55:09,748 - INFO - 分类报告:
              precision    recall  f1-score   support

           0       0.69      0.73      0.71      1655
           1       0.95      0.93      0.94      8345

    accuracy                           0.90     10000
   macro avg       0.82      0.83      0.82     10000
weighted avg       0.90      0.90      0.90     10000

2024-12-16 14:55:09,805 - INFO - 模型已保存为: random_forest_model.pkl 和 decision_tree_model.pkl
2024-12-16 14:55:09,805 - INFO - 训练结束时间: 2024-12-16 14:55:09
