2024-12-16 15:20:09,664 - INFO - 训练开始时间: 2024-12-16 15:20:09
2024-12-16 15:20:09,897 - INFO - 开始训练alarmForest模型...
2024-12-16 15:20:11,631 - INFO - 开始训练DESTree模型...
2024-12-16 15:20:11,762 - INFO - alarmForest模型评估结果:
2024-12-16 15:20:11,882 - INFO - 准确率: 0.9464
2024-12-16 15:20:11,890 - INFO - 分类报告:
              precision    recall  f1-score   support

           0       0.94      0.72      0.82      1655
           1       0.95      0.99      0.97      8345

    accuracy                           0.95     10000
   macro avg       0.94      0.86      0.89     10000
weighted avg       0.95      0.95      0.94     10000

2024-12-16 15:20:11,898 - INFO - DESTree模型评估结果:
2024-12-16 15:20:11,908 - INFO - 准确率: 0.9001
2024-12-16 15:20:11,916 - INFO - 分类报告:
              precision    recall  f1-score   support

           0       0.68      0.74      0.71      1655
           1       0.95      0.93      0.94      8345

    accuracy                           0.90     10000
   macro avg       0.82      0.84      0.82     10000
weighted avg       0.90      0.90      0.90     10000

2024-12-16 15:20:11,966 - INFO - 模型已保存为: random_forest_model.pkl 和 decision_tree_model.pkl
2024-12-16 15:20:11,966 - INFO - 训练结束时间: 2024-12-16 15:20:11
